Base path: '/Applications/Unity/Hub/Editor/2019.2.14f1/Unity.app/Contents', plugins path '/Applications/Unity/Hub/Editor/2019.2.14f1/PlaybackEngines'
Cmd: initializeCompiler
Cmd: translateComputeKernel
  api=14 insize=11289 outsize=22334 ok=1
Cmd: translateComputeKernel
  api=14 insize=7304 outsize=11321 ok=1
Cmd: compileComputeKernel
  api=14 insize=18299 outsize=9505 ok=1
Cmd: translateComputeKernel
  api=14 insize=9678 outsize=16573 ok=1
Cmd: compileComputeKernel
  api=14 insize=5435 outsize=6993 ok=1
Cmd: translateComputeKernel
  api=14 insize=6993 outsize=13506 ok=1
Cmd: compileComputeKernel
  api=14 insize=1454 outsize=1199 ok=1
Cmd: compileSnippet
  api=14 type=1 insize=2211 outsize=5692 kw=_MAIN_LIGHT_SHADOWS _ADDITIONAL_LIGHTS _MIXED_LIGHTING_SUBTRACTIVE pd=UNITY_ENABLE_REFLECTION_BUFFERS UNITY_USE_DITHER_MASK_FOR_ALPHABLENDED_SHADOWS UNITY_PBS_USE_BRDF1 UNITY_SPECCUBE_BOX_PROJECTION UNITY_SPECCUBE_BLENDING UNITY_ENABLE_DETAIL_NORMALMAP SHADER_API_DESKTOP UNITY_COLORSPACE_GAMMA UNITY_LIGHT_PROBE_PROXY_VOLUME UNITY_LIGHTMAP_FULL_HDR ok=1
Cmd: compileSnippet
  api=14 type=1 insize=2211 outsize=5692 kw=_MAIN_LIGHT_SHADOWS _ADDITIONAL_LIGHTS pd=UNITY_ENABLE_REFLECTION_BUFFERS UNITY_USE_DITHER_MASK_FOR_ALPHABLENDED_SHADOWS UNITY_PBS_USE_BRDF1 UNITY_SPECCUBE_BOX_PROJECTION UNITY_SPECCUBE_BLENDING UNITY_ENABLE_DETAIL_NORMALMAP SHADER_API_DESKTOP UNITY_COLORSPACE_GAMMA UNITY_LIGHT_PROBE_PROXY_VOLUME UNITY_LIGHTMAP_FULL_HDR ok=1
Cmd: initializeCompiler
Cmd: compileComputeKernel
  api=14 insize=2627 outsize=9005 ok=1
Cmd: translateComputeKernel
  api=14 insize=9071 outsize=1693 ok=1
Cmd: compileComputeKernel
  api=14 insize=15806 outsize=24761 ok=1
Cmd: compileComputeKernel
  api=14 insize=15806 outsize=46178 ok=1
Cmd: compileComputeKernel
  api=14 insize=15806 outsize=41347 ok=1
Cmd: compileComputeKernel
  api=14 insize=15806 outsize=53996 ok=1
Cmd: compileComputeKernel
  api=14 insize=15806 outsize=52697 ok=1
Cmd: compileComputeKernel
  api=14 insize=15806 outsize=67518 ok=1
Cmd: compileComputeKernel
  api=14 insize=15806 outsize=60548 ok=1
Cmd: compileComputeKernel
  api=14 insize=15806 outsize=43720 ok=1
Cmd: compileComputeKernel
  api=14 insize=15806 outsize=80607 ok=1
Cmd: compileComputeKernel
  api=14 insize=15806 outsize=112512 ok=1
Cmd: compileComputeKernel
  api=14 insize=15806 outsize=91984 ok=1
Cmd: translateComputeKernel
  api=14 insize=133888 outsize=314100 ok=1
Cmd: translateComputeKernel
  api=14 insize=61313 outsize=124568 ok=1
Cmd: translateComputeKernel
  api=14 insize=55393 outsize=113669 ok=1
Cmd: translateComputeKernel
  api=14 insize=51776 outsize=98828 ok=1
Cmd: translateComputeKernel
  api=14 insize=59383 outsize=117270 ok=1
Cmd: translateComputeKernel
  api=14 insize=60655 outsize=121328 ok=1
Cmd: translateComputeKernel
  api=14 insize=63722 outsize=129070 ok=1
Cmd: compileComputeKernel
  api=14 insize=26390 outsize=17507 ok=1
Cmd: compileComputeKernel
  api=14 insize=26390 outsize=772 ok=1
Cmd: translateComputeKernel
  api=14 insize=16312 outsize=31849 ok=1
Cmd: translateComputeKernel
  api=14 insize=17510 outsize=34128 ok=1
Cmd: compileComputeKernel
  api=14 insize=9590 outsize=9959 ok=1
Cmd: translateComputeKernel
  api=14 insize=10208 outsize=14727 ok=1
Cmd: translateComputeKernel
  api=14 insize=11818 outsize=17583 ok=1
Cmd: compileComputeKernel
  api=14 insize=9730 outsize=831 ok=1
Cmd: translateComputeKernel
  api=14 insize=1038 outsize=862 ok=1
Cmd: translateComputeKernel
  api=14 insize=8790 outsize=1474 ok=1
Cmd: translateComputeKernel
  api=14 insize=11396 outsize=5745 ok=1
Cmd: compileComputeKernel
  api=14 insize=12177 outsize=2075 ok=1
Cmd: translateComputeKernel
  api=14 insize=1799 outsize=2144 ok=1
Cmd: compileComputeKernel
  api=14 insize=7611 outsize=1881 ok=1
Cmd: translateComputeKernel
  api=14 insize=1870 outsize=2326 ok=1
Cmd: compileComputeKernel
  api=14 insize=3154 outsize=2715 ok=1
Cmd: translateComputeKernel
  api=14 insize=12009 outsize=24524 ok=1
Cmd: translateComputeKernel
  api=14 insize=3351 outsize=4841 ok=1
Cmd: compileComputeKernel
  api=14 insize=22088 outsize=16579 ok=1
Cmd: translateComputeKernel
  api=14 insize=16621 outsize=34006 ok=1
Cmd: translateComputeKernel
  api=14 insize=17670 outsize=36068 ok=1
Cmd: compileComputeKernel
  api=14 insize=22288 outsize=22297 ok=1
Cmd: compileComputeKernel
  api=14 insize=3111 outsize=4153 ok=1
Cmd: translateComputeKernel
  api=14 insize=864 outsize=1278 ok=1
Cmd: compileComputeKernel
  api=14 insize=8163 outsize=14085 ok=1
Cmd: translateComputeKernel
  api=14 insize=1377 outsize=1032 ok=1
Cmd: compileComputeKernel
  api=14 insize=1631 outsize=7441 ok=1
Cmd: translateComputeKernel
  api=14 insize=7441 outsize=12951 ok=1
Cmd: translateComputeKernel
  api=14 insize=103317 outsize=625166 ok=1
Cmd: compileComputeKernel
  api=14 insize=37247 outsize=47251 ok=1
Cmd: compileComputeKernel
  api=14 insize=37247 outsize=45979 ok=1
Cmd: compileComputeKernel
  api=14 insize=37247 outsize=50478 ok=1
Cmd: translateComputeKernel
  api=14 insize=45705 outsize=88707 ok=1
Cmd: translateComputeKernel
  api=14 insize=49811 outsize=96756 ok=1
Cmd: translateComputeKernel
  api=14 insize=49811 outsize=96756 ok=1
Cmd: translateComputeKernel
  api=14 insize=3414 outsize=6399 ok=1
Cmd: compileComputeKernel
  api=14 insize=17989 outsize=17773 ok=1
Cmd: translateComputeKernel
  api=14 insize=17822 outsize=20114 ok=1
Cmd: compileComputeKernel
  api=14 insize=5190 outsize=11050 ok=1
Cmd: translateComputeKernel
  api=14 insize=11218 outsize=5232 ok=1
Cmd: compileComputeKernel
  api=14 insize=7903 outsize=13295 ok=1
Cmd: translateComputeKernel
  api=14 insize=15841 outsize=12615 ok=1
Cmd: compileComputeKernel
  api=14 insize=4037 outsize=1473 ok=1
Cmd: translateComputeKernel
  api=14 insize=1355 outsize=1289 ok=1
Cmd: compileComputeKernel
  api=14 insize=3740 outsize=1874 ok=1
Cmd: translateComputeKernel
  api=14 insize=1707 outsize=2097 ok=1
Cmd: compileComputeKernel
  api=14 insize=18083 outsize=13340 ok=1
Cmd: translateComputeKernel
  api=14 insize=13728 outsize=9546 ok=1
Cmd: translateComputeKernel
  api=14 insize=5830 outsize=10951 ok=1
Cmd: initializeCompiler
Cmd: compileSnippet
  api=14 type=1 insize=2378 outsize=10145 kw=_MAIN_LIGHT_SHADOWS _ADDITIONAL_LIGHTS pd=UNITY_ENABLE_REFLECTION_BUFFERS UNITY_USE_DITHER_MASK_FOR_ALPHABLENDED_SHADOWS UNITY_PBS_USE_BRDF1 UNITY_SPECCUBE_BOX_PROJECTION UNITY_SPECCUBE_BLENDING UNITY_ENABLE_DETAIL_NORMALMAP SHADER_API_DESKTOP UNITY_COLORSPACE_GAMMA UNITY_LIGHT_PROBE_PROXY_VOLUME UNITY_LIGHTMAP_FULL_HDR ok=1
Cmd: translateComputeKernel
  api=14 insize=2537 outsize=3379 ok=1

Quitting shader compiler process
