Base path: '/Applications/Unity/Hub/Editor/2019.2.14f1/Unity.app/Contents', plugins path '/Applications/Unity/Hub/Editor/2019.2.14f1/PlaybackEngines'
Cmd: initializeCompiler
Cmd: compileComputeKernel
  api=14 insize=1176 outsize=1348 ok=1
Cmd: compileComputeKernel
  api=14 insize=10881 outsize=10700 ok=1
Cmd: compileComputeKernel
  api=14 insize=4855 outsize=5525 ok=1
Cmd: compileComputeKernel
  api=14 insize=3396 outsize=3386 ok=1
Cmd: translateComputeKernel
  api=14 insize=3205 outsize=5289 ok=1
Cmd: compileComputeKernel
  api=14 insize=18299 outsize=9375 ok=1
Cmd: compileComputeKernel
  api=14 insize=18299 outsize=11282 ok=1
Cmd: translateComputeKernel
  api=14 insize=9901 outsize=16818 ok=1
Cmd: translateComputeKernel
  api=14 insize=1997 outsize=3520 ok=1
Cmd: compileComputeKernel
  api=14 insize=2044 outsize=1477 ok=1
Cmd: translateComputeKernel
  api=14 insize=1472 outsize=2240 ok=1
Cmd: initializeCompiler
Cmd: compileComputeKernel
  api=14 insize=15806 outsize=131343 ok=1
Cmd: compileComputeKernel
  api=14 insize=15806 outsize=57945 ok=1
Cmd: compileComputeKernel
  api=14 insize=15806 outsize=56461 ok=1
Cmd: compileComputeKernel
  api=14 insize=15806 outsize=60324 ok=1
Cmd: compileComputeKernel
  api=14 insize=15806 outsize=54626 ok=1
Cmd: compileComputeKernel
  api=14 insize=15806 outsize=93943 ok=1
Cmd: compileComputeKernel
  api=14 insize=15806 outsize=45341 ok=1
Cmd: compileComputeKernel
  api=14 insize=15806 outsize=114893 ok=1
Cmd: translateComputeKernel
  api=14 insize=110426 outsize=247111 ok=1
Cmd: translateComputeKernel
  api=14 insize=61477 outsize=122592 ok=1
Cmd: translateComputeKernel
  api=14 insize=49687 outsize=93133 ok=1
Cmd: translateComputeKernel
  api=14 insize=68629 outsize=139480 ok=1
Cmd: translateComputeKernel
  api=14 insize=44641 outsize=80561 ok=1
Cmd: translateComputeKernel
  api=14 insize=81142 outsize=171696 ok=1
Cmd: translateComputeKernel
  api=14 insize=46092 outsize=86209 ok=1
Cmd: translateComputeKernel
  api=14 insize=94429 outsize=210144 ok=1
Cmd: translateComputeKernel
  api=14 insize=59123 outsize=117170 ok=1
Cmd: compileComputeKernel
  api=14 insize=26390 outsize=16225 ok=1
Cmd: compileComputeKernel
  api=14 insize=26390 outsize=17711 ok=1
Cmd: translateComputeKernel
  api=14 insize=18125 outsize=35124 ok=1
Cmd: compileComputeKernel
  api=14 insize=5910 outsize=6309 ok=1
Cmd: translateComputeKernel
  api=14 insize=14169 outsize=11937 ok=1
Cmd: compileComputeKernel
  api=14 insize=9590 outsize=9550 ok=1
Cmd: compileComputeKernel
  api=14 insize=9590 outsize=11818 ok=1
Cmd: translateComputeKernel
  api=14 insize=9806 outsize=13924 ok=1
Cmd: translateComputeKernel
  api=14 insize=15544 outsize=24054 ok=1
Cmd: translateComputeKernel
  api=14 insize=12652 outsize=7910 ok=1
Cmd: compileComputeKernel
  api=14 insize=5067 outsize=11029 ok=1
Cmd: compileComputeKernel
  api=14 insize=12177 outsize=1717 ok=1
Cmd: compileComputeKernel
  api=14 insize=7611 outsize=1870 ok=1
Cmd: translateComputeKernel
  api=14 insize=1881 outsize=2337 ok=1
Cmd: compileComputeKernel
  api=14 insize=13984 outsize=3244 ok=1
Cmd: translateComputeKernel
  api=14 insize=702 outsize=323 ok=1
Cmd: translateComputeKernel
  api=14 insize=9605 outsize=2279 ok=1
Cmd: compileComputeKernel
  api=14 insize=22088 outsize=16544 ok=1
Cmd: translateComputeKernel
  api=14 insize=16544 outsize=33966 ok=1
Cmd: translateComputeKernel
  api=14 insize=7446 outsize=16832 ok=1
Cmd: compileComputeKernel
  api=14 insize=3012 outsize=2645 ok=1
Cmd: compileComputeKernel
  api=14 insize=3111 outsize=2800 ok=1
Cmd: compileComputeKernel
  api=14 insize=8163 outsize=10129 ok=1
Cmd: translateComputeKernel
  api=14 insize=907 outsize=529 ok=1
Cmd: compileComputeKernel
  api=14 insize=21149 outsize=103312 ok=1
Cmd: translateComputeKernel
  api=14 insize=35584 outsize=60656 ok=1
Cmd: compileComputeKernel
  api=14 insize=37247 outsize=48096 ok=1
Cmd: compileComputeKernel
  api=14 insize=37247 outsize=48096 ok=1
Cmd: translateComputeKernel
  api=14 insize=48270 outsize=94058 ok=1
Cmd: translateComputeKernel
  api=14 insize=48270 outsize=94058 ok=1
Cmd: translateComputeKernel
  api=14 insize=50521 outsize=98943 ok=1
Cmd: translateComputeKernel
  api=14 insize=16880 outsize=17596 ok=1
Cmd: compileComputeKernel
  api=14 insize=5190 outsize=13069 ok=1
Cmd: translateComputeKernel
  api=14 insize=10180 outsize=3473 ok=1
Cmd: translateComputeKernel
  api=14 insize=1530 outsize=1754 ok=1
Cmd: translateComputeKernel
  api=14 insize=2632 outsize=6216 ok=1
Cmd: compileComputeKernel
  api=14 insize=7903 outsize=13455 ok=1
Cmd: compileComputeKernel
  api=14 insize=7903 outsize=16934 ok=1
Cmd: translateComputeKernel
  api=14 insize=12467 outsize=6687 ok=1
Cmd: translateComputeKernel
  api=14 insize=14716 outsize=10520 ok=1
Cmd: compileComputeKernel
  api=14 insize=4037 outsize=1161 ok=1
Cmd: translateComputeKernel
  api=14 insize=10947 outsize=5029 ok=1
Cmd: translateComputeKernel
  api=14 insize=1941 outsize=2829 ok=1
Cmd: compileComputeKernel
  api=14 insize=18083 outsize=13107 ok=1
Cmd: translateComputeKernel
  api=14 insize=13190 outsize=9504 ok=1
Cmd: compileComputeKernel
  api=14 insize=3936 outsize=5093 ok=1
Cmd: translateComputeKernel
  api=14 insize=5093 outsize=9168 ok=1
Cmd: initializeCompiler
Cmd: compileSnippet
  api=14 type=0 insize=2378 outsize=4550 kw=_MAIN_LIGHT_SHADOWS _ADDITIONAL_LIGHTS pd=UNITY_ENABLE_REFLECTION_BUFFERS UNITY_USE_DITHER_MASK_FOR_ALPHABLENDED_SHADOWS UNITY_PBS_USE_BRDF1 UNITY_SPECCUBE_BOX_PROJECTION UNITY_SPECCUBE_BLENDING UNITY_ENABLE_DETAIL_NORMALMAP SHADER_API_DESKTOP UNITY_COLORSPACE_GAMMA UNITY_LIGHT_PROBE_PROXY_VOLUME UNITY_LIGHTMAP_FULL_HDR ok=1
Cmd: translateComputeKernel
  api=14 insize=2208 outsize=3321 ok=1

Quitting shader compiler process
