Base path: '/Applications/Unity/Hub/Editor/2019.2.14f1/Unity.app/Contents', plugins path '/Applications/Unity/Hub/Editor/2019.2.14f1/PlaybackEngines'
Cmd: initializeCompiler
Cmd: compileComputeKernel
  api=14 insize=3070 outsize=48832 ok=1
Cmd: translateComputeKernel
  api=14 insize=48467 outsize=85339 ok=1
Cmd: translateComputeKernel
  api=14 insize=11445 outsize=22649 ok=1
Cmd: translateComputeKernel
  api=14 insize=5781 outsize=8380 ok=1
Cmd: compileComputeKernel
  api=14 insize=18299 outsize=9901 ok=1
Cmd: compileComputeKernel
  api=14 insize=18299 outsize=11447 ok=1
Cmd: translateComputeKernel
  api=14 insize=9375 outsize=16169 ok=1
Cmd: translateComputeKernel
  api=14 insize=11447 outsize=25062 ok=1
Cmd: translateComputeKernel
  api=14 insize=876 outsize=807 ok=1
Cmd: translateComputeKernel
  api=14 insize=2071 outsize=3252 ok=1
Cmd: compileSnippet
  api=14 type=0 insize=2211 outsize=4454 kw=_MAIN_LIGHT_SHADOWS _ADDITIONAL_LIGHTS _MIXED_LIGHTING_SUBTRACTIVE pd=UNITY_ENABLE_REFLECTION_BUFFERS UNITY_USE_DITHER_MASK_FOR_ALPHABLENDED_SHADOWS UNITY_PBS_USE_BRDF1 UNITY_SPECCUBE_BOX_PROJECTION UNITY_SPECCUBE_BLENDING UNITY_ENABLE_DETAIL_NORMALMAP SHADER_API_DESKTOP UNITY_COLORSPACE_GAMMA UNITY_LIGHT_PROBE_PROXY_VOLUME UNITY_LIGHTMAP_FULL_HDR ok=1
Cmd: compileSnippet
  api=14 type=0 insize=2211 outsize=4454 kw=_MAIN_LIGHT_SHADOWS _ADDITIONAL_LIGHTS pd=UNITY_ENABLE_REFLECTION_BUFFERS UNITY_USE_DITHER_MASK_FOR_ALPHABLENDED_SHADOWS UNITY_PBS_USE_BRDF1 UNITY_SPECCUBE_BOX_PROJECTION UNITY_SPECCUBE_BLENDING UNITY_ENABLE_DETAIL_NORMALMAP SHADER_API_DESKTOP UNITY_COLORSPACE_GAMMA UNITY_LIGHT_PROBE_PROXY_VOLUME UNITY_LIGHTMAP_FULL_HDR ok=1
Cmd: initializeCompiler
Cmd: compileComputeKernel
  api=14 insize=15806 outsize=23438 ok=1
Cmd: compileComputeKernel
  api=14 insize=15806 outsize=32065 ok=1
Cmd: compileComputeKernel
  api=14 insize=15806 outsize=58015 ok=1
Cmd: compileComputeKernel
  api=14 insize=15806 outsize=77842 ok=1
Cmd: compileComputeKernel
  api=14 insize=15806 outsize=43787 ok=1
Cmd: compileComputeKernel
  api=14 insize=15806 outsize=91434 ok=1
Cmd: compileComputeKernel
  api=14 insize=15806 outsize=60492 ok=1
Cmd: compileComputeKernel
  api=14 insize=15806 outsize=32076 ok=1
Cmd: compileComputeKernel
  api=14 insize=15806 outsize=42968 ok=1
Cmd: compileComputeKernel
  api=14 insize=15806 outsize=80183 ok=1
Cmd: compileComputeKernel
  api=14 insize=15806 outsize=83036 ok=1
Cmd: translateComputeKernel
  api=14 insize=112883 outsize=254064 ok=1
Cmd: translateComputeKernel
  api=14 insize=57558 outsize=111912 ok=1
Cmd: translateComputeKernel
  api=14 insize=45517 outsize=83560 ok=1
Cmd: translateComputeKernel
  api=14 insize=58814 outsize=115770 ok=1
Cmd: translateComputeKernel
  api=14 insize=57330 outsize=111363 ok=1
Cmd: translateComputeKernel
  api=14 insize=25899 outsize=37079 ok=1
Cmd: translateComputeKernel
  api=14 insize=49035 outsize=93666 ok=1
Cmd: translateComputeKernel
  api=14 insize=56678 outsize=112130 ok=1
Cmd: translateComputeKernel
  api=14 insize=62981 outsize=131914 ok=1
Cmd: translateComputeKernel
  api=14 insize=83823 outsize=179037 ok=1
Cmd: translateComputeKernel
  api=14 insize=46250 outsize=85169 ok=1
Cmd: compileComputeKernel
  api=14 insize=26390 outsize=17285 ok=1
Cmd: compileComputeKernel
  api=14 insize=26390 outsize=18087 ok=1
Cmd: translateComputeKernel
  api=14 insize=17944 outsize=34774 ok=1
Cmd: translateComputeKernel
  api=14 insize=1337 outsize=715 ok=1
Cmd: compileComputeKernel
  api=14 insize=3927 outsize=9765 ok=1
Cmd: translateComputeKernel
  api=14 insize=3796 outsize=6310 ok=1
Cmd: compileComputeKernel
  api=14 insize=9590 outsize=11811 ok=1
Cmd: translateComputeKernel
  api=14 insize=11811 outsize=17576 ok=1
Cmd: translateComputeKernel
  api=14 insize=17932 outsize=19888 ok=1
Cmd: translateComputeKernel
  api=14 insize=12012 outsize=6955 ok=1
Cmd: compileComputeKernel
  api=14 insize=5067 outsize=11396 ok=1
Cmd: translateComputeKernel
  api=14 insize=10495 outsize=4181 ok=1
Cmd: translateComputeKernel
  api=14 insize=10743 outsize=4528 ok=1
Cmd: compileComputeKernel
  api=14 insize=7611 outsize=1541 ok=1
Cmd: translateComputeKernel
  api=14 insize=7010 outsize=13541 ok=1
Cmd: compileComputeKernel
  api=14 insize=1988 outsize=10980 ok=1
Cmd: translateComputeKernel
  api=14 insize=9607 outsize=2384 ok=1
Cmd: compileComputeKernel
  api=14 insize=13984 outsize=3939 ok=1
Cmd: translateComputeKernel
  api=14 insize=1503 outsize=1776 ok=1
Cmd: compileComputeKernel
  api=14 insize=22088 outsize=17057 ok=1
Cmd: translateComputeKernel
  api=14 insize=17099 outsize=34854 ok=1
Cmd: compileComputeKernel
  api=14 insize=7702 outsize=15450 ok=1
Cmd: translateComputeKernel
  api=14 insize=16552 outsize=15634 ok=1
Cmd: translateComputeKernel
  api=14 insize=22297 outsize=50894 ok=1
Cmd: translateComputeKernel
  api=14 insize=2645 outsize=3670 ok=1
Cmd: translateComputeKernel
  api=14 insize=4153 outsize=7679 ok=1
Cmd: translateComputeKernel
  api=14 insize=10248 outsize=3407 ok=1
Cmd: compileComputeKernel
  api=14 insize=21149 outsize=103317 ok=1
Cmd: translateComputeKernel
  api=14 insize=35589 outsize=60661 ok=1
Cmd: compileComputeKernel
  api=14 insize=37247 outsize=46513 ok=1
Cmd: compileComputeKernel
  api=14 insize=37247 outsize=45193 ok=1
Cmd: compileComputeKernel
  api=14 insize=37247 outsize=46513 ok=1
Cmd: translateComputeKernel
  api=14 insize=47632 outsize=92682 ok=1
Cmd: translateComputeKernel
  api=14 insize=45705 outsize=88707 ok=1
Cmd: translateComputeKernel
  api=14 insize=46934 outsize=91593 ok=1
Cmd: compileComputeKernel
  api=14 insize=5626 outsize=3774 ok=1
Cmd: translateComputeKernel
  api=14 insize=3861 outsize=5868 ok=1
Cmd: compileComputeKernel
  api=14 insize=5190 outsize=9769 ok=1
Cmd: compileComputeKernel
  api=14 insize=5190 outsize=1179 ok=1
Cmd: translateComputeKernel
  api=14 insize=9769 outsize=2995 ok=1
Cmd: translateComputeKernel
  api=14 insize=1334 outsize=1343 ok=1
Cmd: compileComputeKernel
  api=14 insize=848 outsize=650 ok=1
Cmd: translateComputeKernel
  api=14 insize=632 outsize=520 ok=1
Cmd: compileComputeKernel
  api=14 insize=7903 outsize=14538 ok=1
Cmd: translateComputeKernel
  api=14 insize=13576 outsize=8590 ok=1
Cmd: compileComputeKernel
  api=14 insize=4037 outsize=10990 ok=1
Cmd: translateComputeKernel
  api=14 insize=1340 outsize=1319 ok=1
Cmd: compileComputeKernel
  api=14 insize=18083 outsize=1251 ok=1
Cmd: translateComputeKernel
  api=14 insize=13468 outsize=10084 ok=1
Cmd: compileComputeKernel
  api=14 insize=2555 outsize=1304 ok=1
Cmd: translateComputeKernel
  api=14 insize=991 outsize=1534 ok=1
Cmd: initializeCompiler
Cmd: compileSnippet
  api=14 type=0 insize=12653 outsize=8091 kw= pd=UNITY_ENABLE_REFLECTION_BUFFERS UNITY_USE_DITHER_MASK_FOR_ALPHABLENDED_SHADOWS UNITY_PBS_USE_BRDF1 UNITY_SPECCUBE_BOX_PROJECTION UNITY_SPECCUBE_BLENDING UNITY_ENABLE_DETAIL_NORMALMAP SHADER_API_DESKTOP UNITY_COLORSPACE_GAMMA UNITY_LIGHT_PROBE_PROXY_VOLUME UNITY_LIGHTMAP_FULL_HDR ok=1

Quitting shader compiler process
