Base path: '/Applications/Unity/Hub/Editor/2019.2.14f1/Unity.app/Contents', plugins path '/Applications/Unity/Hub/Editor/2019.2.14f1/PlaybackEngines'
Cmd: initializeCompiler
Cmd: translateComputeKernel
  api=14 insize=1348 outsize=1429 ok=1
Cmd: compileComputeKernel
  api=14 insize=10881 outsize=11445 ok=1
Cmd: compileComputeKernel
  api=14 insize=4855 outsize=10966 ok=1
Cmd: translateComputeKernel
  api=14 insize=5372 outsize=7534 ok=1
Cmd: compileComputeKernel
  api=14 insize=18299 outsize=9678 ok=1
Cmd: translateComputeKernel
  api=14 insize=9597 outsize=16409 ok=1
Cmd: translateComputeKernel
  api=14 insize=11742 outsize=25434 ok=1
Cmd: compileComputeKernel
  api=14 insize=1806 outsize=1153 ok=1
Cmd: compileSnippet
  api=14 type=1 insize=2211 outsize=4916 kw=_ADDITIONAL_LIGHTS _MIXED_LIGHTING_SUBTRACTIVE pd=UNITY_ENABLE_REFLECTION_BUFFERS UNITY_USE_DITHER_MASK_FOR_ALPHABLENDED_SHADOWS UNITY_PBS_USE_BRDF1 UNITY_SPECCUBE_BOX_PROJECTION UNITY_SPECCUBE_BLENDING UNITY_ENABLE_DETAIL_NORMALMAP SHADER_API_DESKTOP UNITY_COLORSPACE_GAMMA UNITY_LIGHT_PROBE_PROXY_VOLUME UNITY_LIGHTMAP_FULL_HDR ok=1
Cmd: initializeCompiler
Cmd: compileComputeKernel
  api=14 insize=15806 outsize=112321 ok=1
Cmd: compileComputeKernel
  api=14 insize=15806 outsize=60488 ok=1
Cmd: compileComputeKernel
  api=14 insize=15806 outsize=48619 ok=1
Cmd: compileComputeKernel
  api=14 insize=15806 outsize=44608 ok=1
Cmd: compileComputeKernel
  api=14 insize=15806 outsize=48635 ok=1
Cmd: compileComputeKernel
  api=14 insize=15806 outsize=80355 ok=1
Cmd: compileComputeKernel
  api=14 insize=15806 outsize=62413 ok=1
Cmd: compileComputeKernel
  api=14 insize=15806 outsize=58514 ok=1
Cmd: compileComputeKernel
  api=14 insize=15806 outsize=69913 ok=1
Cmd: compileComputeKernel
  api=14 insize=15806 outsize=82792 ok=1
Cmd: translateComputeKernel
  api=14 insize=25888 outsize=37068 ok=1
Cmd: translateComputeKernel
  api=14 insize=47246 outsize=88209 ok=1
Cmd: translateComputeKernel
  api=14 insize=42256 outsize=75902 ok=1
Cmd: translateComputeKernel
  api=14 insize=54865 outsize=106958 ok=1
Cmd: translateComputeKernel
  api=14 insize=53464 outsize=107732 ok=1
Cmd: translateComputeKernel
  api=14 insize=68242 outsize=139503 ok=1
Cmd: translateComputeKernel
  api=14 insize=91920 outsize=202778 ok=1
Cmd: translateComputeKernel
  api=14 insize=90414 outsize=193723 ok=1
Cmd: translateComputeKernel
  api=14 insize=70535 outsize=146364 ok=1
Cmd: translateComputeKernel
  api=14 insize=46282 outsize=85022 ok=1
Cmd: translateComputeKernel
  api=14 insize=51480 outsize=98700 ok=1
Cmd: translateComputeKernel
  api=14 insize=47158 outsize=88427 ok=1
Cmd: translateComputeKernel
  api=14 insize=92771 outsize=200871 ok=1
Cmd: compileComputeKernel
  api=14 insize=26390 outsize=17903 ok=1
Cmd: compileComputeKernel
  api=14 insize=26390 outsize=18329 ok=1
Cmd: translateComputeKernel
  api=14 insize=15750 outsize=30921 ok=1
Cmd: translateComputeKernel
  api=14 insize=17711 outsize=34524 ok=1
Cmd: compileComputeKernel
  api=14 insize=5910 outsize=14063 ok=1
Cmd: translateComputeKernel
  api=14 insize=6374 outsize=12049 ok=1
Cmd: translateComputeKernel
  api=14 insize=10037 outsize=3357 ok=1
Cmd: compileComputeKernel
  api=14 insize=9590 outsize=9952 ok=1
Cmd: translateComputeKernel
  api=14 insize=15537 outsize=24047 ok=1
Cmd: compileComputeKernel
  api=14 insize=9730 outsize=11974 ok=1
Cmd: compileComputeKernel
  api=14 insize=4133 outsize=13547 ok=1
Cmd: translateComputeKernel
  api=14 insize=13547 outsize=9423 ok=1
Cmd: compileComputeKernel
  api=14 insize=7611 outsize=7010 ok=1
Cmd: translateComputeKernel
  api=14 insize=6999 outsize=13530 ok=1
Cmd: compileComputeKernel
  api=14 insize=13984 outsize=10554 ok=1
Cmd: translateComputeKernel
  api=14 insize=4595 outsize=8237 ok=1
Cmd: compileComputeKernel
  api=14 insize=22088 outsize=16409 ok=1
Cmd: compileComputeKernel
  api=14 insize=22088 outsize=17192 ok=1
Cmd: translateComputeKernel
  api=14 insize=15973 outsize=32752 ok=1
Cmd: translateComputeKernel
  api=14 insize=17192 outsize=35220 ok=1
Cmd: compileComputeKernel
  api=14 insize=3111 outsize=2803 ok=1
Cmd: translateComputeKernel
  api=14 insize=2803 outsize=4906 ok=1
Cmd: compileComputeKernel
  api=14 insize=8163 outsize=637 ok=1
Cmd: translateComputeKernel
  api=14 insize=14158 outsize=16231 ok=1
Cmd: translateComputeKernel
  api=14 insize=1094 outsize=1068 ok=1
Cmd: compileComputeKernel
  api=14 insize=37247 outsize=45979 ok=1
Cmd: compileComputeKernel
  api=14 insize=37247 outsize=50478 ok=1
Cmd: compileComputeKernel
  api=14 insize=37247 outsize=49728 ok=1
Cmd: translateComputeKernel
  api=14 insize=49136 outsize=95311 ok=1
Cmd: translateComputeKernel
  api=14 insize=49136 outsize=95311 ok=1
Cmd: compileComputeKernel
  api=14 insize=17989 outsize=17773 ok=1
Cmd: translateComputeKernel
  api=14 insize=16880 outsize=17596 ok=1
Cmd: compileComputeKernel
  api=14 insize=5190 outsize=11218 ok=1
Cmd: translateComputeKernel
  api=14 insize=11050 outsize=5302 ok=1
Cmd: compileComputeKernel
  api=14 insize=16084 outsize=15694 ok=1
Cmd: translateComputeKernel
  api=14 insize=15992 outsize=14427 ok=1
Cmd: translateComputeKernel
  api=14 insize=11180 outsize=5258 ok=1
Cmd: compileComputeKernel
  api=14 insize=7903 outsize=13464 ok=1
Cmd: translateComputeKernel
  api=14 insize=14622 outsize=10377 ok=1
Cmd: compileComputeKernel
  api=14 insize=4037 outsize=10947 ok=1
Cmd: translateComputeKernel
  api=14 insize=1667 outsize=1771 ok=1
Cmd: compileComputeKernel
  api=14 insize=18083 outsize=3153 ok=1
Cmd: translateComputeKernel
  api=14 insize=3423 outsize=5018 ok=1
Cmd: compileComputeKernel
  api=14 insize=5893 outsize=5793 ok=1
Cmd: translateComputeKernel
  api=14 insize=5024 outsize=9032 ok=1
Cmd: initializeCompiler
Cmd: translateComputeKernel
  api=14 insize=2129 outsize=3185 ok=1
Cmd: compileSnippet
  api=14 type=1 insize=12653 outsize=1040 kw= pd=UNITY_ENABLE_REFLECTION_BUFFERS UNITY_USE_DITHER_MASK_FOR_ALPHABLENDED_SHADOWS UNITY_PBS_USE_BRDF1 UNITY_SPECCUBE_BOX_PROJECTION UNITY_SPECCUBE_BLENDING UNITY_ENABLE_DETAIL_NORMALMAP SHADER_API_DESKTOP UNITY_COLORSPACE_GAMMA UNITY_LIGHT_PROBE_PROXY_VOLUME UNITY_LIGHTMAP_FULL_HDR ok=1
